# JRE version: Java(TM) SE Runtime Environment (7.0_80-b15) (build 1.7.0_80-b15)
# Java VM: Java HotSpot(TM) 64-Bit Server VM (24.80-b11 mixed mode windows-amd64 compressed oops)
Heap
 PSYoungGen      total 577536K, used 549400K [0x00000007d6200000, 0x00000007fd980000, 0x0000000800000000)
  eden space 576512K, 95% used [0x00000007d6200000,0x00000007f7a860f8,0x00000007f9500000)
  from space 1024K, 0% used [0x00000007fb680000,0x00000007fb680000,0x00000007fb780000)
  to   space 18432K, 0% used [0x00000007fc780000,0x00000007fc780000,0x00000007fd980000)
 ParOldGen       total 85504K, used 63967K [0x0000000782600000, 0x0000000787980000, 0x00000007d6200000)
  object space 85504K, 74% used [0x0000000782600000,0x0000000786477fd0,0x0000000787980000)
 PSPermGen       total 83968K, used 71905K [0x000000077d400000, 0x0000000782600000, 0x0000000782600000)
  object space 83968K, 85% used [0x000000077d400000,0x0000000781a385e8,0x0000000782600000)
GC Heap History (10 events):
Event: 770.832 GC heap before
{Heap before GC invocations=34 (full 12):
 PSYoungGen      total 652800K, used 7287K [0x00000007d6200000, 0x00000007ff280000, 0x0000000800000000)
  eden space 635392K, 0% used [0x00000007d6200000,0x00000007d6200000,0x00000007fce80000)
  from space 17408K, 41% used [0x00000007fe180000,0x00000007fe89dce0,0x00000007ff280000)
  to   space 18432K, 0% used [0x00000007fce80000,0x00000007fce80000,0x00000007fe080000)
 ParOldGen       total 85504K, used 58060K [0x0000000782600000, 0x0000000787980000, 0x00000007d6200000)
  object space 85504K, 67% used [0x0000000782600000,0x0000000785eb3098,0x0000000787980000)
 PSPermGen       total 83968K, used 68439K [0x000000077d400000, 0x0000000782600000, 0x0000000782600000)
  object space 83968K, 81% used [0x000000077d400000,0x00000007816d5ff0,0x0000000782600000)
Event: 771.161 GC heap after
Heap after GC invocations=34 (full 12):
 PSYoungGen      total 652800K, used 0K [0x00000007d6200000, 0x00000007ff280000, 0x0000000800000000)
  eden space 635392K, 0% used [0x00000007d6200000,0x00000007d6200000,0x00000007fce80000)
  from space 17408K, 0% used [0x00000007fe180000,0x00000007fe180000,0x00000007ff280000)
  to   space 18432K, 0% used [0x00000007fce80000,0x00000007fce80000,0x00000007fe080000)
 ParOldGen       total 85504K, used 62404K [0x0000000782600000, 0x0000000787980000, 0x00000007d6200000)
  object space 85504K, 72% used [0x0000000782600000,0x00000007862f11d0,0x0000000787980000)
 PSPermGen       total 83968K, used 68378K [0x000000077d400000, 0x0000000782600000, 0x0000000782600000)
  object space 83968K, 81% used [0x000000077d400000,0x00000007816c6bb0,0x0000000782600000)
}
Event: 1041.383 GC heap before
{Heap before GC invocations=35 (full 12):
 PSYoungGen      total 652800K, used 635392K [0x00000007d6200000, 0x00000007ff280000, 0x0000000800000000)
  eden space 635392K, 100% used [0x00000007d6200000,0x00000007fce80000,0x00000007fce80000)
  from space 17408K, 0% used [0x00000007fe180000,0x00000007fe180000,0x00000007ff280000)
  to   space 18432K, 0% used [0x00000007fce80000,0x00000007fce80000,0x00000007fe080000)
 ParOldGen       total 85504K, used 62404K [0x0000000782600000, 0x0000000787980000, 0x00000007d6200000)
  object space 85504K, 72% used [0x0000000782600000,0x00000007862f11d0,0x0000000787980000)
 PSPermGen       total 83968K, used 69396K [0x000000077d400000, 0x0000000782600000, 0x0000000782600000)
  object space 83968K, 82% used [0x000000077d400000,0x00000007817c5068,0x0000000782600000)
Event: 1041.396 GC heap after
Heap after GC invocations=35 (full 12):
 PSYoungGen      total 615936K, used 10572K [0x00000007d6200000, 0x00000007fe200000, 0x0000000800000000)
  eden space 605184K, 0% used [0x00000007d6200000,0x00000007d6200000,0x00000007fb100000)
  from space 10752K, 98% used [0x00000007fce80000,0x00000007fd8d33a0,0x00000007fd900000)
  to   space 9216K, 0% used [0x00000007fd900000,0x00000007fd900000,0x00000007fe200000)
 ParOldGen       total 85504K, used 62404K [0x0000000782600000, 0x0000000787980000, 0x00000007d6200000)
  object space 85504K, 72% used [0x0000000782600000,0x00000007862f11d0,0x0000000787980000)
 PSPermGen       total 83968K, used 69396K [0x000000077d400000, 0x0000000782600000, 0x0000000782600000)
  object space 83968K, 82% used [0x000000077d400000,0x00000007817c5068,0x0000000782600000)
}
Event: 1590.626 GC heap before
{Heap before GC invocations=36 (full 12):
 PSYoungGen      total 615936K, used 615756K [0x00000007d6200000, 0x00000007fe200000, 0x0000000800000000)
  eden space 605184K, 100% used [0x00000007d6200000,0x00000007fb100000,0x00000007fb100000)
  from space 10752K, 98% used [0x00000007fce80000,0x00000007fd8d33a0,0x00000007fd900000)
  to   space 9216K, 0% used [0x00000007fd900000,0x00000007fd900000,0x00000007fe200000)
 ParOldGen       total 85504K, used 62404K [0x0000000782600000, 0x0000000787980000, 0x00000007d6200000)
  object space 85504K, 72% used [0x0000000782600000,0x00000007862f11d0,0x0000000787980000)
 PSPermGen       total 83968K, used 70630K [0x000000077d400000, 0x0000000782600000, 0x0000000782600000)
  object space 83968K, 84% used [0x000000077d400000,0x00000007818f9890,0x0000000782600000)
Event: 1590.641 GC heap after
Heap after GC invocations=36 (full 12):
 PSYoungGen      total 578048K, used 1442K [0x00000007d6200000, 0x00000007fda80000, 0x0000000800000000)
  eden space 576512K, 0% used [0x00000007d6200000,0x00000007d6200000,0x00000007f9500000)
  from space 1536K, 93% used [0x00000007fd900000,0x00000007fda68898,0x00000007fda80000)
  to   space 18432K, 0% used [0x00000007fb680000,0x00000007fb680000,0x00000007fc880000)
 ParOldGen       total 85504K, used 70521K [0x0000000782600000, 0x0000000787980000, 0x00000007d6200000)
  object space 85504K, 82% used [0x0000000782600000,0x0000000786ade7c8,0x0000000787980000)
 PSPermGen       total 83968K, used 70630K [0x000000077d400000, 0x0000000782600000, 0x0000000782600000)
  object space 83968K, 84% used [0x000000077d400000,0x00000007818f9890,0x0000000782600000)
}
Event: 1861.299 GC heap before
{Heap before GC invocations=37 (full 12):
 PSYoungGen      total 578048K, used 350896K [0x00000007d6200000, 0x00000007fda80000, 0x0000000800000000)
  eden space 576512K, 60% used [0x00000007d6200000,0x00000007eb743a70,0x00000007f9500000)
  from space 1536K, 93% used [0x00000007fd900000,0x00000007fda68898,0x00000007fda80000)
  to   space 18432K, 0% used [0x00000007fb680000,0x00000007fb680000,0x00000007fc880000)
 ParOldGen       total 85504K, used 70521K [0x0000000782600000, 0x0000000787980000, 0x00000007d6200000)
  object space 85504K, 82% used [0x0000000782600000,0x0000000786ade7c8,0x0000000787980000)
 PSPermGen       total 83968K, used 71014K [0x000000077d400000, 0x0000000782600000, 0x0000000782600000)
  object space 83968K, 84% used [0x000000077d400000,0x0000000781959800,0x0000000782600000)
Event: 1861.303 GC heap after
Heap after GC invocations=37 (full 12):
 PSYoungGen      total 577536K, used 816K [0x00000007d6200000, 0x00000007fd980000, 0x0000000800000000)
  eden space 576512K, 0% used [0x00000007d6200000,0x00000007d6200000,0x00000007f9500000)
  from space 1024K, 79% used [0x00000007fb680000,0x00000007fb74c010,0x00000007fb780000)
  to   space 18432K, 0% used [0x00000007fc780000,0x00000007fc780000,0x00000007fd980000)
 ParOldGen       total 85504K, used 70978K [0x0000000782600000, 0x0000000787980000, 0x00000007d6200000)
  object space 85504K, 83% used [0x0000000782600000,0x0000000786b50808,0x0000000787980000)
 PSPermGen       total 83968K, used 71014K [0x000000077d400000, 0x0000000782600000, 0x0000000782600000)
  object space 83968K, 84% used [0x000000077d400000,0x0000000781959800,0x0000000782600000)
}
Event: 1861.303 GC heap before
{Heap before GC invocations=38 (full 13):
 PSYoungGen      total 577536K, used 816K [0x00000007d6200000, 0x00000007fd980000, 0x0000000800000000)
  eden space 576512K, 0% used [0x00000007d6200000,0x00000007d6200000,0x00000007f9500000)
  from space 1024K, 79% used [0x00000007fb680000,0x00000007fb74c010,0x00000007fb780000)
  to   space 18432K, 0% used [0x00000007fc780000,0x00000007fc780000,0x00000007fd980000)
 ParOldGen       total 85504K, used 70978K [0x0000000782600000, 0x0000000787980000, 0x00000007d6200000)
  object space 85504K, 83% used [0x0000000782600000,0x0000000786b50808,0x0000000787980000)
 PSPermGen       total 83968K, used 71014K [0x000000077d400000, 0x0000000782600000, 0x0000000782600000)
  object space 83968K, 84% used [0x000000077d400000,0x0000000781959800,0x0000000782600000)
Event: 1861.681 GC heap after
Heap after GC invocations=38 (full 13):
 PSYoungGen      total 577536K, used 0K [0x00000007d6200000, 0x00000007fd980000, 0x0000000800000000)
  eden space 576512K, 0% used [0x00000007d6200000,0x00000007d6200000,0x00000007f9500000)
  from space 1024K, 0% used [0x00000007fb680000,0x00000007fb680000,0x00000007fb780000)
  to   space 18432K, 0% used [0x00000007fc780000,0x00000007fc780000,0x00000007fd980000)
 ParOldGen       total 85504K, used 63967K [0x0000000782600000, 0x0000000787980000, 0x00000007d6200000)
  object space 85504K, 74% used [0x0000000782600000,0x0000000786477fd0,0x0000000787980000)
 PSPermGen       total 83968K, used 70999K [0x000000077d400000, 0x0000000782600000, 0x0000000782600000)
  object space 83968K, 84% used [0x000000077d400000,0x0000000781955ff8,0x0000000782600000)
}

